<?xml version="1.0" encoding="UTF-8"?>
<!-- Generated by org.testng.reporters.JUnitXMLReporter -->
<testsuite ignored="0" hostname="DESKTOP-0IG00SM" failures="0" tests="3" name="ShopcluesTestNGXML" time="69.506" errors="0" timestamp="2020-06-15T11:34:55 IST">
  <testcase classname="test.ExcelDataProvider" name="launchURL" time="7.503"/>
  <testcase classname="test.ExcelDataProvider" name="signIn" time="22.676"/>
  <testcase classname="test.ExcelDataProvider" name="addAddress" time="34.296"/>
</testsuite> <!-- ShopcluesTestNGXML -->
