<?xml version="1.0" encoding="UTF-8"?>
<!-- Generated by org.testng.reporters.JUnitXMLReporter -->
<testsuite ignored="0" hostname="DESKTOP-0IG00SM" failures="0" tests="3" name="TestOnFirefox" time="50.929" errors="0" timestamp="2020-06-25T10:52:04 IST">
  <testcase classname="test.addAndDeleteAddress" name="launchURL" time="4.576"/>
  <testcase classname="test.addAndDeleteAddress" name="signIn" time="19.828"/>
  <testcase classname="test.addAndDeleteAddress" name="addAddress" time="21.2"/>
</testsuite> <!-- TestOnFirefox -->
