<?xml version="1.0" encoding="UTF-8"?>
<testng-results ignored="0" total="3" passed="3" failed="0" skipped="0">
  <reporter-output>
  </reporter-output>
  <suite started-at="2020-06-25T10:51:13 IST" name="Suite1" finished-at="2020-06-25T10:52:04 IST" duration-ms="50929">
    <groups>
    </groups>
    <test started-at="2020-06-25T10:51:13 IST" name="TestOnFirefox" finished-at="2020-06-25T10:52:04 IST" duration-ms="50929">
      <class name="test.addAndDeleteAddress">
        <test-method is-config="true" signature="setUpTest()[pri:0, instance:test.addAndDeleteAddress@34b7ac2f]" started-at="2020-06-25T10:51:13 IST" name="setUpTest" finished-at="2020-06-25T10:51:13 IST" duration-ms="99" status="PASS">
          <reporter-output>
          </reporter-output>
        </test-method> <!-- setUpTest -->
        <test-method is-config="true" signature="setUpBrowser(java.lang.String)[pri:0, instance:test.addAndDeleteAddress@34b7ac2f]" started-at="2020-06-25T10:51:13 IST" name="setUpBrowser" finished-at="2020-06-25T10:51:17 IST" duration-ms="4403" status="PASS">
          <params>
            <param index="0">
              <value>
                <![CDATA[chrome]]>
              </value>
            </param>
          </params>
          <reporter-output>
          </reporter-output>
        </test-method> <!-- setUpBrowser -->
        <test-method signature="launchURL()[pri:1, instance:test.addAndDeleteAddress@34b7ac2f]" started-at="2020-06-25T10:51:17 IST" name="launchURL" finished-at="2020-06-25T10:51:22 IST" duration-ms="4576" status="PASS">
          <reporter-output>
          </reporter-output>
        </test-method> <!-- launchURL -->
        <test-method signature="signIn(java.lang.String, java.lang.String)[pri:2, instance:test.addAndDeleteAddress@34b7ac2f]" started-at="2020-06-25T10:51:23 IST" name="signIn" data-provider="username" finished-at="2020-06-25T10:51:42 IST" duration-ms="19828" status="PASS">
          <params>
            <param index="0">
              <value>
                <![CDATA[hariganesheee@gmail.com]]>
              </value>
            </param>
            <param index="1">
              <value>
                <![CDATA[Shoptest123]]>
              </value>
            </param>
          </params>
          <reporter-output>
          </reporter-output>
        </test-method> <!-- signIn -->
        <test-method signature="addAddress(java.lang.String, java.lang.String, java.lang.String, java.lang.String, java.lang.String, java.lang.String, java.lang.String, java.lang.String, java.lang.String)[pri:3, instance:test.addAndDeleteAddress@34b7ac2f]" started-at="2020-06-25T10:51:42 IST" name="addAddress" data-provider="userData" finished-at="2020-06-25T10:52:04 IST" duration-ms="21200" status="PASS">
          <params>
            <param index="0">
              <value>
                <![CDATA[Siva]]>
              </value>
            </param>
            <param index="1">
              <value>
                <![CDATA[Kumar]]>
              </value>
            </param>
            <param index="2">
              <value>
                <![CDATA[7898456512]]>
              </value>
            </param>
            <param index="3">
              <value>
                <![CDATA[600054]]>
              </value>
            </param>
            <param index="4">
              <value>
                <![CDATA[6A]]>
              </value>
            </param>
            <param index="5">
              <value>
                <![CDATA[Ramalingam II Cross Street]]>
              </value>
            </param>
            <param index="6">
              <value>
                <![CDATA[Avadi]]>
              </value>
            </param>
            <param index="7">
              <value>
                <![CDATA[TN]]>
              </value>
            </param>
            <param index="8">
              <value>
                <![CDATA[Home]]>
              </value>
            </param>
          </params>
          <reporter-output>
          </reporter-output>
        </test-method> <!-- addAddress -->
        <test-method is-config="true" signature="browserClose()[pri:0, instance:test.addAndDeleteAddress@34b7ac2f]" started-at="2020-06-25T10:52:04 IST" name="browserClose" finished-at="2020-06-25T10:52:04 IST" duration-ms="0" status="PASS">
          <reporter-output>
          </reporter-output>
        </test-method> <!-- browserClose -->
        <test-method is-config="true" signature="tearDown()[pri:0, instance:test.addAndDeleteAddress@34b7ac2f]" started-at="2020-06-25T10:52:04 IST" name="tearDown" finished-at="2020-06-25T10:52:04 IST" duration-ms="501" status="PASS">
          <reporter-output>
          </reporter-output>
        </test-method> <!-- tearDown -->
      </class> <!-- test.addAndDeleteAddress -->
    </test> <!-- TestOnFirefox -->
  </suite> <!-- Suite1 -->
</testng-results>
